<?xml version="1.0" encoding="UTF-8"?>
<!-- Generated by org.testng.reporters.JUnitXMLReporter -->
<testsuite hostname="Admin-PC" ignored="0" name="Test" tests="6" failures="0" timestamp="2020-07-22T11:56:08 IST" time="0.071" errors="0">
  <testcase name="mobileAuto" time="0.006" classname="MavenProject.MavenJavaPro.Mobile"/>
  <testcase name="mobileUI" time="0.0" classname="MavenProject.MavenJavaPro.Mobile"/>
  <testcase name="restAuto" time="0.0" classname="MavenProject.MavenJavaPro.Rest"/>
  <testcase name="restUI" time="0.0" classname="MavenProject.MavenJavaPro.Rest"/>
  <testcase name="browserAuto" time="0.001" classname="MavenProject.MavenJavaPro.Selenium"/>
  <testcase name="browserUI" time="0.0" classname="MavenProject.MavenJavaPro.Selenium"/>
</testsuite> <!-- Test -->
