<?xml version="1.0" encoding="UTF-8"?>
<testng-results skipped="0" failed="0" ignored="0" total="2" passed="2">
  <reporter-output>
  </reporter-output>
  <suite name="Default suite" duration-ms="87" started-at="2023-03-14T22:13:37 IST" finished-at="2023-03-14T22:13:37 IST">
    <groups>
    </groups>
    <test name="Default test" duration-ms="87" started-at="2023-03-14T22:13:37 IST" finished-at="2023-03-14T22:13:37 IST">
      <class name="MavenProject.MavenJavaPro.Rest">
        <test-method status="PASS" signature="restAuto()[pri:0, instance:MavenProject.MavenJavaPro.Rest@57536d79]" name="restAuto" duration-ms="14" started-at="2023-03-14T22:13:37 IST" finished-at="2023-03-14T22:13:37 IST">
          <reporter-output>
          </reporter-output>
        </test-method> <!-- restAuto -->
        <test-method status="PASS" signature="restUI()[pri:0, instance:MavenProject.MavenJavaPro.Rest@57536d79]" name="restUI" duration-ms="3" started-at="2023-03-14T22:13:37 IST" finished-at="2023-03-14T22:13:37 IST">
          <reporter-output>
          </reporter-output>
        </test-method> <!-- restUI -->
      </class> <!-- MavenProject.MavenJavaPro.Rest -->
    </test> <!-- Default test -->
  </suite> <!-- Default suite -->
</testng-results>
