<?xml version="1.0" encoding="UTF-8"?>
<testng-results skipped="0" failed="0" ignored="0" total="2" passed="2">
  <reporter-output>
  </reporter-output>
  <suite name="Default suite" duration-ms="100" started-at="2020-12-04T00:35:54 IST" finished-at="2020-12-04T00:35:54 IST">
    <groups>
    </groups>
    <test name="Default test" duration-ms="100" started-at="2020-12-04T00:35:54 IST" finished-at="2020-12-04T00:35:54 IST">
      <class name="MavenProject.MavenJavaPro.Mobile">
        <test-method status="PASS" signature="mobileAuto()[pri:0, instance:MavenProject.MavenJavaPro.Mobile@2a742aa2]" name="mobileAuto" duration-ms="20" started-at="2020-12-04T00:35:54 IST" finished-at="2020-12-04T00:35:54 IST">
          <reporter-output>
          </reporter-output>
        </test-method> <!-- mobileAuto -->
        <test-method status="PASS" signature="mobileUI()[pri:0, instance:MavenProject.MavenJavaPro.Mobile@2a742aa2]" name="mobileUI" duration-ms="0" started-at="2020-12-04T00:35:54 IST" finished-at="2020-12-04T00:35:54 IST">
          <reporter-output>
          </reporter-output>
        </test-method> <!-- mobileUI -->
      </class> <!-- MavenProject.MavenJavaPro.Mobile -->
    </test> <!-- Default test -->
  </suite> <!-- Default suite -->
</testng-results>
