<?xml version="1.0" encoding="UTF-8"?>
<!-- Generated by org.testng.reporters.JUnitReportReporter -->
<testsuite skipped="0" hostname="Admin-PC" name="MavenProject.MavenJavaPro.Mobile" tests="2" failures="0" timestamp="2020-07-22T11:56:08 IST" time="0.006" errors="0">
  <testcase name="mobileAuto" time="0.006" classname="MavenProject.MavenJavaPro.Mobile"/>
  <system-out/>
  <testcase name="mobileUI" time="0.000" classname="MavenProject.MavenJavaPro.Mobile"/>
  <system-out/>
</testsuite> <!-- MavenProject.MavenJavaPro.Mobile -->
